31-Mar-2016 00:02:57.263 INFO [http-apr-8079-exec-10] org.apache.catalina.core.ApplicationContext.log Manager: init: Associated with Deployer 'Catalina:type=Deployer,host=localhost'
31-Mar-2016 00:02:57.263 INFO [http-apr-8079-exec-10] org.apache.catalina.core.ApplicationContext.log Manager: init: Global resources are available
31-Mar-2016 00:02:57.264 INFO [http-apr-8079-exec-10] org.apache.catalina.core.ApplicationContext.log Manager: list: Listing contexts for virtual host 'localhost'
31-Mar-2016 00:02:57.273 INFO [http-apr-8079-exec-1] org.apache.catalina.core.ApplicationContext.log Manager: list: Listing contexts for virtual host 'localhost'
31-Mar-2016 00:02:57.309 INFO [http-apr-8079-exec-2] org.apache.catalina.core.ApplicationContext.log Manager: restart: Reloading web application '/Chat'
31-Mar-2016 00:03:58.383 INFO [http-apr-8079-exec-10] org.apache.catalina.core.ApplicationContext.log Manager: list: Listing contexts for virtual host 'localhost'
31-Mar-2016 00:04:01.387 INFO [http-apr-8079-exec-7] org.apache.catalina.core.ApplicationContext.log Manager: list: Listing contexts for virtual host 'localhost'
31-Mar-2016 00:04:28.667 INFO [http-apr-8079-exec-7] org.apache.catalina.core.ApplicationContext.log Manager: list: Listing contexts for virtual host 'localhost'
31-Mar-2016 00:04:57.993 INFO [http-apr-8079-exec-7] org.apache.catalina.core.ApplicationContext.log Manager: list: Listing contexts for virtual host 'localhost'
31-Mar-2016 00:05:52.544 INFO [http-apr-8079-exec-7] org.apache.catalina.core.ApplicationContext.log Manager: list: Listing contexts for virtual host 'localhost'
31-Mar-2016 00:06:00.901 INFO [http-apr-8079-exec-7] org.apache.catalina.core.ApplicationContext.log Manager: list: Listing contexts for virtual host 'localhost'
31-Mar-2016 00:06:14.671 INFO [http-apr-8079-exec-18] org.apache.catalina.core.ApplicationContext.log Manager: list: Listing contexts for virtual host 'localhost'
31-Mar-2016 00:06:21.153 INFO [http-apr-8079-exec-18] org.apache.catalina.core.ApplicationContext.log Manager: list: Listing contexts for virtual host 'localhost'
31-Mar-2016 00:06:32.483 INFO [http-apr-8079-exec-18] org.apache.catalina.core.ApplicationContext.log Manager: list: Listing contexts for virtual host 'localhost'
31-Mar-2016 00:07:14.423 INFO [http-apr-8079-exec-18] org.apache.catalina.core.ApplicationContext.log Manager: list: Listing contexts for virtual host 'localhost'
31-Mar-2016 00:07:32.175 INFO [http-apr-8079-exec-18] org.apache.catalina.core.ApplicationContext.log Manager: list: Listing contexts for virtual host 'localhost'
31-Mar-2016 00:11:28.681 INFO [http-apr-8079-exec-18] org.apache.catalina.core.ApplicationContext.log Manager: list: Listing contexts for virtual host 'localhost'
31-Mar-2016 00:13:53.035 INFO [http-apr-8079-exec-18] org.apache.catalina.core.ApplicationContext.log Manager: list: Listing contexts for virtual host 'localhost'
31-Mar-2016 00:13:53.041 INFO [http-apr-8079-exec-19] org.apache.catalina.core.ApplicationContext.log Manager: restart: Reloading web application '/Chat'
31-Mar-2016 00:13:59.496 INFO [http-apr-8079-exec-21] org.apache.catalina.core.ApplicationContext.log Manager: list: Listing contexts for virtual host 'localhost'
31-Mar-2016 00:13:59.505 INFO [http-apr-8079-exec-15] org.apache.catalina.core.ApplicationContext.log Manager: restart: Reloading web application '/Chat'
31-Mar-2016 00:14:18.149 INFO [http-apr-8079-exec-15] org.apache.catalina.core.ApplicationContext.log Manager: list: Listing contexts for virtual host 'localhost'
31-Mar-2016 00:14:18.159 INFO [http-apr-8079-exec-21] org.apache.catalina.core.ApplicationContext.log Manager: restart: Reloading web application '/Chat'
31-Mar-2016 00:14:56.051 INFO [http-apr-8079-exec-21] org.apache.catalina.core.ApplicationContext.log Manager: list: Listing contexts for virtual host 'localhost'
31-Mar-2016 00:14:56.061 INFO [http-apr-8079-exec-22] org.apache.catalina.core.ApplicationContext.log Manager: restart: Reloading web application '/Chat'
31-Mar-2016 00:15:16.256 INFO [http-apr-8079-exec-22] org.apache.catalina.core.ApplicationContext.log Manager: list: Listing contexts for virtual host 'localhost'
31-Mar-2016 00:15:16.266 INFO [http-apr-8079-exec-15] org.apache.catalina.core.ApplicationContext.log Manager: restart: Reloading web application '/Chat'
31-Mar-2016 00:15:48.140 INFO [http-apr-8079-exec-15] org.apache.catalina.core.ApplicationContext.log Manager: list: Listing contexts for virtual host 'localhost'
31-Mar-2016 00:15:48.150 INFO [http-apr-8079-exec-21] org.apache.catalina.core.ApplicationContext.log Manager: restart: Reloading web application '/Chat'
31-Mar-2016 00:16:09.739 INFO [http-apr-8079-exec-21] org.apache.catalina.core.ApplicationContext.log Manager: list: Listing contexts for virtual host 'localhost'
31-Mar-2016 00:16:09.750 INFO [http-apr-8079-exec-15] org.apache.catalina.core.ApplicationContext.log Manager: restart: Reloading web application '/Chat'
31-Mar-2016 00:16:34.247 INFO [http-apr-8079-exec-15] org.apache.catalina.core.ApplicationContext.log Manager: list: Listing contexts for virtual host 'localhost'
31-Mar-2016 00:16:34.257 INFO [http-apr-8079-exec-25] org.apache.catalina.core.ApplicationContext.log Manager: restart: Reloading web application '/Chat'
31-Mar-2016 00:17:17.734 INFO [http-apr-8079-exec-25] org.apache.catalina.core.ApplicationContext.log Manager: list: Listing contexts for virtual host 'localhost'
31-Mar-2016 00:17:17.745 INFO [http-apr-8079-exec-21] org.apache.catalina.core.ApplicationContext.log Manager: restart: Reloading web application '/Chat'
31-Mar-2016 00:17:26.571 INFO [http-apr-8079-exec-21] org.apache.catalina.core.ApplicationContext.log Manager: list: Listing contexts for virtual host 'localhost'
31-Mar-2016 00:17:26.580 INFO [http-apr-8079-exec-28] org.apache.catalina.core.ApplicationContext.log Manager: restart: Reloading web application '/Chat'
31-Mar-2016 00:20:08.208 INFO [http-apr-8079-exec-28] org.apache.catalina.core.ApplicationContext.log Manager: list: Listing contexts for virtual host 'localhost'
31-Mar-2016 00:20:08.218 INFO [http-apr-8079-exec-25] org.apache.catalina.core.ApplicationContext.log Manager: restart: Reloading web application '/Chat'
31-Mar-2016 00:26:42.780 INFO [http-apr-8079-exec-28] org.apache.catalina.core.ApplicationContext.log Manager: list: Listing contexts for virtual host 'localhost'
31-Mar-2016 00:26:45.579 INFO [http-apr-8079-exec-39] org.apache.catalina.core.ApplicationContext.log Manager: list: Listing contexts for virtual host 'localhost'
31-Mar-2016 00:26:45.590 INFO [http-apr-8079-exec-28] org.apache.catalina.core.ApplicationContext.log Manager: restart: Reloading web application '/Chat'
31-Mar-2016 00:31:23.255 INFO [http-apr-8079-exec-45] org.apache.catalina.core.ApplicationContext.log Manager: list: Listing contexts for virtual host 'localhost'
31-Mar-2016 00:31:23.264 INFO [http-apr-8079-exec-21] org.apache.catalina.core.ApplicationContext.log Manager: restart: Reloading web application '/Chat'
31-Mar-2016 00:37:41.597 INFO [http-apr-8079-exec-41] org.apache.catalina.core.ApplicationContext.log Manager: list: Listing contexts for virtual host 'localhost'
31-Mar-2016 00:37:49.123 INFO [http-apr-8079-exec-41] org.apache.catalina.core.ApplicationContext.log Manager: list: Listing contexts for virtual host 'localhost'
31-Mar-2016 00:38:37.700 INFO [http-apr-8079-exec-54] org.apache.catalina.core.ApplicationContext.log Manager: list: Listing contexts for virtual host 'localhost'
31-Mar-2016 00:38:48.032 INFO [http-apr-8079-exec-54] org.apache.catalina.core.ApplicationContext.log Manager: list: Listing contexts for virtual host 'localhost'
31-Mar-2016 00:42:46.993 INFO [http-apr-8079-exec-54] org.apache.catalina.core.ApplicationContext.log Manager: list: Listing contexts for virtual host 'localhost'
31-Mar-2016 00:42:47.003 INFO [http-apr-8079-exec-55] org.apache.catalina.core.ApplicationContext.log Manager: restart: Reloading web application '/Chat'
31-Mar-2016 11:14:30.416 INFO [http-apr-8079-exec-10] org.apache.catalina.core.ApplicationContext.log Manager: init: Associated with Deployer 'Catalina:type=Deployer,host=localhost'
31-Mar-2016 11:14:30.416 INFO [http-apr-8079-exec-10] org.apache.catalina.core.ApplicationContext.log Manager: init: Global resources are available
31-Mar-2016 11:14:30.417 INFO [http-apr-8079-exec-10] org.apache.catalina.core.ApplicationContext.log Manager: list: Listing contexts for virtual host 'localhost'
31-Mar-2016 11:14:30.423 INFO [http-apr-8079-exec-1] org.apache.catalina.core.ApplicationContext.log Manager: list: Listing contexts for virtual host 'localhost'
31-Mar-2016 11:14:30.452 INFO [http-apr-8079-exec-3] org.apache.catalina.core.ApplicationContext.log Manager: restart: Reloading web application '/Chat'
31-Mar-2016 11:18:15.947 INFO [http-apr-8079-exec-5] org.apache.catalina.core.ApplicationContext.log Manager: list: Listing contexts for virtual host 'localhost'
31-Mar-2016 11:21:02.155 INFO [http-apr-8079-exec-5] org.apache.catalina.core.ApplicationContext.log Manager: list: Listing contexts for virtual host 'localhost'
31-Mar-2016 11:21:02.171 INFO [http-apr-8079-exec-9] org.apache.catalina.core.ApplicationContext.log Manager: restart: Reloading web application '/Chat'
31-Mar-2016 11:24:53.464 INFO [http-apr-8079-exec-9] org.apache.catalina.core.ApplicationContext.log Manager: list: Listing contexts for virtual host 'localhost'
31-Mar-2016 11:28:04.540 INFO [http-apr-8079-exec-9] org.apache.catalina.core.ApplicationContext.log Manager: list: Listing contexts for virtual host 'localhost'
31-Mar-2016 11:28:12.288 INFO [http-apr-8079-exec-26] org.apache.catalina.core.ApplicationContext.log Manager: list: Listing contexts for virtual host 'localhost'
31-Mar-2016 11:29:09.581 INFO [http-apr-8079-exec-26] org.apache.catalina.core.ApplicationContext.log Manager: list: Listing contexts for virtual host 'localhost'
31-Mar-2016 11:30:34.836 INFO [http-apr-8079-exec-26] org.apache.catalina.core.ApplicationContext.log Manager: list: Listing contexts for virtual host 'localhost'
31-Mar-2016 11:30:34.844 INFO [http-apr-8079-exec-27] org.apache.catalina.core.ApplicationContext.log Manager: restart: Reloading web application '/Chat'
31-Mar-2016 11:30:52.602 INFO [http-apr-8079-exec-22] org.apache.catalina.core.ApplicationContext.log Manager: list: Listing contexts for virtual host 'localhost'
31-Mar-2016 11:30:52.613 INFO [http-apr-8079-exec-29] org.apache.catalina.core.ApplicationContext.log Manager: restart: Reloading web application '/Chat'
31-Mar-2016 11:30:54.313 INFO [http-apr-8079-exec-28] org.apache.catalina.core.ApplicationContext.log Manager: list: Listing contexts for virtual host 'localhost'
31-Mar-2016 11:30:54.322 INFO [http-apr-8079-exec-30] org.apache.catalina.core.ApplicationContext.log Manager: restart: Reloading web application '/Chat'
31-Mar-2016 11:37:21.152 INFO [http-apr-8079-exec-30] org.apache.catalina.core.ApplicationContext.log Manager: list: Listing contexts for virtual host 'localhost'
31-Mar-2016 11:37:21.158 INFO [http-apr-8079-exec-25] org.apache.catalina.core.ApplicationContext.log Manager: restart: Reloading web application '/Chat'
31-Mar-2016 11:37:27.803 INFO [http-apr-8079-exec-25] org.apache.catalina.core.ApplicationContext.log Manager: list: Listing contexts for virtual host 'localhost'
31-Mar-2016 11:37:27.813 INFO [http-apr-8079-exec-22] org.apache.catalina.core.ApplicationContext.log Manager: restart: Reloading web application '/Chat'
31-Mar-2016 11:38:00.072 INFO [http-apr-8079-exec-22] org.apache.catalina.core.ApplicationContext.log Manager: list: Listing contexts for virtual host 'localhost'
31-Mar-2016 11:38:01.860 INFO [http-apr-8079-exec-38] org.apache.catalina.core.ApplicationContext.log Manager: list: Listing contexts for virtual host 'localhost'
31-Mar-2016 11:38:01.869 INFO [http-apr-8079-exec-34] org.apache.catalina.core.ApplicationContext.log Manager: restart: Reloading web application '/Chat'
31-Mar-2016 11:40:41.860 INFO [http-apr-8079-exec-34] org.apache.catalina.core.ApplicationContext.log Manager: list: Listing contexts for virtual host 'localhost'
31-Mar-2016 11:40:41.872 INFO [http-apr-8079-exec-22] org.apache.catalina.core.ApplicationContext.log Manager: restart: Reloading web application '/Chat'
31-Mar-2016 11:41:28.540 INFO [http-apr-8079-exec-22] org.apache.catalina.core.ApplicationContext.log Manager: list: Listing contexts for virtual host 'localhost'
31-Mar-2016 11:41:28.552 INFO [http-apr-8079-exec-41] org.apache.catalina.core.ApplicationContext.log Manager: restart: Reloading web application '/Chat'
31-Mar-2016 11:46:04.025 INFO [http-apr-8079-exec-41] org.apache.catalina.core.ApplicationContext.log Manager: list: Listing contexts for virtual host 'localhost'
31-Mar-2016 11:46:04.042 INFO [http-apr-8079-exec-35] org.apache.catalina.core.ApplicationContext.log Manager: restart: Reloading web application '/Chat'
31-Mar-2016 11:46:04.715 INFO [http-apr-8079-exec-48] org.apache.catalina.core.ApplicationContext.log Manager: list: Listing contexts for virtual host 'localhost'
31-Mar-2016 11:46:04.721 INFO [http-apr-8079-exec-49] org.apache.catalina.core.ApplicationContext.log Manager: restart: Reloading web application '/Chat'
31-Mar-2016 11:46:42.840 INFO [http-apr-8079-exec-49] org.apache.catalina.core.ApplicationContext.log Manager: list: Listing contexts for virtual host 'localhost'
31-Mar-2016 11:46:42.850 INFO [http-apr-8079-exec-36] org.apache.catalina.core.ApplicationContext.log Manager: restart: Reloading web application '/Chat'
31-Mar-2016 11:47:07.391 INFO [http-apr-8079-exec-36] org.apache.catalina.core.ApplicationContext.log Manager: list: Listing contexts for virtual host 'localhost'
31-Mar-2016 11:47:07.404 INFO [http-apr-8079-exec-22] org.apache.catalina.core.ApplicationContext.log Manager: restart: Reloading web application '/Chat'
31-Mar-2016 11:47:42.029 INFO [http-apr-8079-exec-22] org.apache.catalina.core.ApplicationContext.log Manager: list: Listing contexts for virtual host 'localhost'
31-Mar-2016 11:47:42.038 INFO [http-apr-8079-exec-36] org.apache.catalina.core.ApplicationContext.log Manager: restart: Reloading web application '/Chat'
31-Mar-2016 11:48:23.344 INFO [http-apr-8079-exec-36] org.apache.catalina.core.ApplicationContext.log Manager: list: Listing contexts for virtual host 'localhost'
31-Mar-2016 11:48:23.349 INFO [http-apr-8079-exec-22] org.apache.catalina.core.ApplicationContext.log Manager: restart: Reloading web application '/Chat'
31-Mar-2016 11:54:57.486 INFO [http-apr-8079-exec-22] org.apache.catalina.core.ApplicationContext.log Manager: list: Listing contexts for virtual host 'localhost'
31-Mar-2016 12:01:56.353 INFO [http-apr-8079-exec-62] org.apache.catalina.core.ApplicationContext.log Manager: list: Listing contexts for virtual host 'localhost'
31-Mar-2016 12:01:56.363 INFO [http-apr-8079-exec-63] org.apache.catalina.core.ApplicationContext.log Manager: restart: Reloading web application '/Chat'
31-Mar-2016 12:24:00.996 INFO [http-apr-8079-exec-72] org.apache.catalina.core.ApplicationContext.log Manager: list: Listing contexts for virtual host 'localhost'
31-Mar-2016 12:24:48.788 INFO [http-apr-8079-exec-72] org.apache.catalina.core.ApplicationContext.log Manager: list: Listing contexts for virtual host 'localhost'
31-Mar-2016 12:26:40.107 INFO [http-apr-8079-exec-72] org.apache.catalina.core.ApplicationContext.log Manager: list: Listing contexts for virtual host 'localhost'
31-Mar-2016 12:27:07.243 INFO [http-apr-8079-exec-72] org.apache.catalina.core.ApplicationContext.log Manager: list: Listing contexts for virtual host 'localhost'
31-Mar-2016 12:27:31.318 INFO [http-apr-8079-exec-72] org.apache.catalina.core.ApplicationContext.log Manager: list: Listing contexts for virtual host 'localhost'
31-Mar-2016 12:28:09.204 INFO [http-apr-8079-exec-72] org.apache.catalina.core.ApplicationContext.log Manager: list: Listing contexts for virtual host 'localhost'
31-Mar-2016 12:28:11.036 INFO [http-apr-8079-exec-69] org.apache.catalina.core.ApplicationContext.log Manager: list: Listing contexts for virtual host 'localhost'
31-Mar-2016 12:34:52.957 INFO [http-apr-8079-exec-69] org.apache.catalina.core.ApplicationContext.log Manager: list: Listing contexts for virtual host 'localhost'
31-Mar-2016 12:37:19.845 INFO [http-apr-8079-exec-69] org.apache.catalina.core.ApplicationContext.log Manager: list: Listing contexts for virtual host 'localhost'
31-Mar-2016 12:38:51.318 INFO [http-apr-8079-exec-69] org.apache.catalina.core.ApplicationContext.log Manager: list: Listing contexts for virtual host 'localhost'
31-Mar-2016 12:39:12.605 INFO [http-apr-8079-exec-69] org.apache.catalina.core.ApplicationContext.log Manager: list: Listing contexts for virtual host 'localhost'
31-Mar-2016 12:42:21.627 INFO [http-apr-8079-exec-69] org.apache.catalina.core.ApplicationContext.log Manager: list: Listing contexts for virtual host 'localhost'
31-Mar-2016 12:44:48.718 INFO [http-apr-8079-exec-69] org.apache.catalina.core.ApplicationContext.log Manager: list: Listing contexts for virtual host 'localhost'
31-Mar-2016 12:44:48.728 INFO [http-apr-8079-exec-70] org.apache.catalina.core.ApplicationContext.log Manager: restart: Reloading web application '/Chat'
31-Mar-2016 12:46:37.081 INFO [http-apr-8079-exec-76] org.apache.catalina.core.ApplicationContext.log Manager: list: Listing contexts for virtual host 'localhost'
31-Mar-2016 15:22:46.477 INFO [http-apr-8079-exec-82] org.apache.catalina.core.ApplicationContext.log Manager: list: Listing contexts for virtual host 'localhost'
31-Mar-2016 15:22:46.486 INFO [http-apr-8079-exec-83] org.apache.catalina.core.ApplicationContext.log Manager: restart: Reloading web application '/Chat'
31-Mar-2016 15:22:52.032 INFO [http-apr-8079-exec-85] org.apache.catalina.core.ApplicationContext.log Manager: list: Listing contexts for virtual host 'localhost'
31-Mar-2016 15:22:52.042 INFO [http-apr-8079-exec-76] org.apache.catalina.core.ApplicationContext.log Manager: restart: Reloading web application '/Chat'
31-Mar-2016 15:22:53.601 INFO [http-apr-8079-exec-84] org.apache.catalina.core.ApplicationContext.log Manager: list: Listing contexts for virtual host 'localhost'
31-Mar-2016 15:22:53.618 INFO [http-apr-8079-exec-78] org.apache.catalina.core.ApplicationContext.log Manager: restart: Reloading web application '/Chat'
31-Mar-2016 15:23:02.233 INFO [http-apr-8079-exec-78] org.apache.catalina.core.ApplicationContext.log Manager: list: Listing contexts for virtual host 'localhost'
31-Mar-2016 15:23:02.243 INFO [http-apr-8079-exec-76] org.apache.catalina.core.ApplicationContext.log Manager: restart: Reloading web application '/Chat'
31-Mar-2016 15:23:28.922 INFO [http-apr-8079-exec-76] org.apache.catalina.core.ApplicationContext.log Manager: list: Listing contexts for virtual host 'localhost'
31-Mar-2016 15:23:28.928 INFO [http-apr-8079-exec-88] org.apache.catalina.core.ApplicationContext.log Manager: restart: Reloading web application '/Chat'
31-Mar-2016 15:23:33.688 INFO [http-apr-8079-exec-81] org.apache.catalina.core.ApplicationContext.log Manager: list: Listing contexts for virtual host 'localhost'
31-Mar-2016 15:23:33.692 INFO [http-apr-8079-exec-88] org.apache.catalina.core.ApplicationContext.log Manager: restart: Reloading web application '/Chat'
31-Mar-2016 15:24:39.025 INFO [http-apr-8079-exec-88] org.apache.catalina.core.ApplicationContext.log Manager: list: Listing contexts for virtual host 'localhost'
31-Mar-2016 15:24:39.034 INFO [http-apr-8079-exec-76] org.apache.catalina.core.ApplicationContext.log Manager: restart: Reloading web application '/Chat'
31-Mar-2016 15:25:07.894 INFO [http-apr-8079-exec-76] org.apache.catalina.core.ApplicationContext.log Manager: list: Listing contexts for virtual host 'localhost'
31-Mar-2016 15:25:07.901 INFO [http-apr-8079-exec-88] org.apache.catalina.core.ApplicationContext.log Manager: restart: Reloading web application '/Chat'
31-Mar-2016 15:28:54.786 INFO [http-apr-8079-exec-88] org.apache.catalina.core.ApplicationContext.log Manager: list: Listing contexts for virtual host 'localhost'
31-Mar-2016 15:28:54.794 INFO [http-apr-8079-exec-93] org.apache.catalina.core.ApplicationContext.log Manager: restart: Reloading web application '/Chat'
31-Mar-2016 15:30:20.105 INFO [http-apr-8079-exec-93] org.apache.catalina.core.ApplicationContext.log Manager: list: Listing contexts for virtual host 'localhost'
31-Mar-2016 15:30:20.113 INFO [http-apr-8079-exec-88] org.apache.catalina.core.ApplicationContext.log Manager: restart: Reloading web application '/Chat'
31-Mar-2016 15:32:50.393 INFO [http-apr-8079-exec-88] org.apache.catalina.core.ApplicationContext.log Manager: list: Listing contexts for virtual host 'localhost'
31-Mar-2016 15:32:50.404 INFO [http-apr-8079-exec-93] org.apache.catalina.core.ApplicationContext.log Manager: restart: Reloading web application '/Chat'
31-Mar-2016 15:34:02.526 INFO [http-apr-8079-exec-93] org.apache.catalina.core.ApplicationContext.log Manager: list: Listing contexts for virtual host 'localhost'
31-Mar-2016 15:34:02.537 INFO [http-apr-8079-exec-100] org.apache.catalina.core.ApplicationContext.log Manager: restart: Reloading web application '/Chat'
31-Mar-2016 15:35:30.660 INFO [http-apr-8079-exec-100] org.apache.catalina.core.ApplicationContext.log Manager: list: Listing contexts for virtual host 'localhost'
31-Mar-2016 15:36:29.514 INFO [http-apr-8079-exec-100] org.apache.catalina.core.ApplicationContext.log Manager: list: Listing contexts for virtual host 'localhost'
31-Mar-2016 15:36:29.523 INFO [http-apr-8079-exec-93] org.apache.catalina.core.ApplicationContext.log Manager: restart: Reloading web application '/Chat'
31-Mar-2016 15:38:35.658 INFO [http-apr-8079-exec-109] org.apache.catalina.core.ApplicationContext.log Manager: list: Listing contexts for virtual host 'localhost'
31-Mar-2016 15:38:35.664 INFO [http-apr-8079-exec-100] org.apache.catalina.core.ApplicationContext.log Manager: restart: Reloading web application '/Chat'
31-Mar-2016 15:39:12.047 INFO [http-apr-8079-exec-100] org.apache.catalina.core.ApplicationContext.log Manager: list: Listing contexts for virtual host 'localhost'
31-Mar-2016 15:39:12.062 INFO [http-apr-8079-exec-104] org.apache.catalina.core.ApplicationContext.log Manager: restart: Reloading web application '/Chat'
31-Mar-2016 15:40:12.071 INFO [http-apr-8079-exec-100] org.apache.catalina.core.ApplicationContext.log Manager: list: Listing contexts for virtual host 'localhost'
31-Mar-2016 15:40:12.080 INFO [http-apr-8079-exec-93] org.apache.catalina.core.ApplicationContext.log Manager: restart: Reloading web application '/Chat'
31-Mar-2016 15:40:44.922 INFO [http-apr-8079-exec-93] org.apache.catalina.core.ApplicationContext.log Manager: list: Listing contexts for virtual host 'localhost'
31-Mar-2016 15:40:44.933 INFO [http-apr-8079-exec-100] org.apache.catalina.core.ApplicationContext.log Manager: restart: Reloading web application '/Chat'
31-Mar-2016 15:40:53.939 INFO [http-apr-8079-exec-112] org.apache.catalina.core.ApplicationContext.log Manager: list: Listing contexts for virtual host 'localhost'
31-Mar-2016 15:40:53.949 INFO [http-apr-8079-exec-93] org.apache.catalina.core.ApplicationContext.log Manager: restart: Reloading web application '/Chat'
31-Mar-2016 15:43:18.423 INFO [http-apr-8079-exec-93] org.apache.catalina.core.ApplicationContext.log Manager: list: Listing contexts for virtual host 'localhost'
31-Mar-2016 15:43:18.431 INFO [http-apr-8079-exec-100] org.apache.catalina.core.ApplicationContext.log Manager: restart: Reloading web application '/Chat'
31-Mar-2016 15:43:57.960 INFO [http-apr-8079-exec-100] org.apache.catalina.core.ApplicationContext.log Manager: list: Listing contexts for virtual host 'localhost'
31-Mar-2016 15:43:57.970 INFO [http-apr-8079-exec-104] org.apache.catalina.core.ApplicationContext.log Manager: restart: Reloading web application '/Chat'
31-Mar-2016 15:49:49.176 INFO [http-apr-8079-exec-104] org.apache.catalina.core.ApplicationContext.log Manager: list: Listing contexts for virtual host 'localhost'
31-Mar-2016 15:50:00.228 INFO [http-apr-8079-exec-104] org.apache.catalina.core.ApplicationContext.log Manager: list: Listing contexts for virtual host 'localhost'
31-Mar-2016 15:50:34.805 INFO [http-apr-8079-exec-104] org.apache.catalina.core.ApplicationContext.log Manager: list: Listing contexts for virtual host 'localhost'
31-Mar-2016 15:50:48.947 INFO [http-apr-8079-exec-126] org.apache.catalina.core.ApplicationContext.log Manager: list: Listing contexts for virtual host 'localhost'
31-Mar-2016 15:51:22.596 INFO [http-apr-8079-exec-126] org.apache.catalina.core.ApplicationContext.log Manager: list: Listing contexts for virtual host 'localhost'
31-Mar-2016 15:51:30.362 INFO [http-apr-8079-exec-126] org.apache.catalina.core.ApplicationContext.log Manager: list: Listing contexts for virtual host 'localhost'
31-Mar-2016 15:51:33.059 INFO [http-apr-8079-exec-123] org.apache.catalina.core.ApplicationContext.log Manager: list: Listing contexts for virtual host 'localhost'
31-Mar-2016 15:51:39.848 INFO [http-apr-8079-exec-123] org.apache.catalina.core.ApplicationContext.log Manager: list: Listing contexts for virtual host 'localhost'
31-Mar-2016 15:55:50.043 INFO [http-apr-8079-exec-123] org.apache.catalina.core.ApplicationContext.log Manager: list: Listing contexts for virtual host 'localhost'
31-Mar-2016 15:57:06.100 INFO [http-apr-8079-exec-123] org.apache.catalina.core.ApplicationContext.log Manager: list: Listing contexts for virtual host 'localhost'
31-Mar-2016 15:58:01.784 INFO [http-apr-8079-exec-123] org.apache.catalina.core.ApplicationContext.log Manager: list: Listing contexts for virtual host 'localhost'
31-Mar-2016 15:59:17.828 INFO [http-apr-8079-exec-123] org.apache.catalina.core.ApplicationContext.log Manager: list: Listing contexts for virtual host 'localhost'
31-Mar-2016 16:05:58.478 INFO [http-apr-8079-exec-123] org.apache.catalina.core.ApplicationContext.log Manager: list: Listing contexts for virtual host 'localhost'
31-Mar-2016 16:06:22.986 INFO [http-apr-8079-exec-123] org.apache.catalina.core.ApplicationContext.log Manager: list: Listing contexts for virtual host 'localhost'
31-Mar-2016 16:06:49.113 INFO [http-apr-8079-exec-123] org.apache.catalina.core.ApplicationContext.log Manager: list: Listing contexts for virtual host 'localhost'
31-Mar-2016 16:09:46.655 INFO [http-apr-8079-exec-123] org.apache.catalina.core.ApplicationContext.log Manager: list: Listing contexts for virtual host 'localhost'
31-Mar-2016 16:10:43.911 INFO [http-apr-8079-exec-127] org.apache.catalina.core.ApplicationContext.log Manager: list: Listing contexts for virtual host 'localhost'
31-Mar-2016 16:10:43.913 INFO [http-apr-8079-exec-128] org.apache.catalina.core.ApplicationContext.log Manager: list: Listing contexts for virtual host 'localhost'
31-Mar-2016 16:10:43.928 INFO [http-apr-8079-exec-119] org.apache.catalina.core.ApplicationContext.log Manager: restart: Reloading web application '/Chat'
31-Mar-2016 16:11:21.009 INFO [http-apr-8079-exec-124] org.apache.catalina.core.ApplicationContext.log Manager: list: Listing contexts for virtual host 'localhost'
31-Mar-2016 16:11:21.011 INFO [http-apr-8079-exec-130] org.apache.catalina.core.ApplicationContext.log Manager: list: Listing contexts for virtual host 'localhost'
31-Mar-2016 16:12:13.749 INFO [http-apr-8079-exec-126] org.apache.catalina.core.ApplicationContext.log Manager: list: Listing contexts for virtual host 'localhost'
31-Mar-2016 16:12:13.754 INFO [http-apr-8079-exec-121] org.apache.catalina.core.ApplicationContext.log Manager: restart: Reloading web application '/Chat'
31-Mar-2016 16:12:54.604 INFO [http-apr-8079-exec-121] org.apache.catalina.core.ApplicationContext.log Manager: list: Listing contexts for virtual host 'localhost'
31-Mar-2016 16:12:54.612 INFO [http-apr-8079-exec-129] org.apache.catalina.core.ApplicationContext.log Manager: restart: Reloading web application '/Chat'
31-Mar-2016 16:13:17.638 INFO [http-apr-8079-exec-129] org.apache.catalina.core.ApplicationContext.log Manager: list: Listing contexts for virtual host 'localhost'
31-Mar-2016 16:13:17.648 INFO [http-apr-8079-exec-125] org.apache.catalina.core.ApplicationContext.log Manager: restart: Reloading web application '/Chat'
31-Mar-2016 16:13:48.106 INFO [http-apr-8079-exec-125] org.apache.catalina.core.ApplicationContext.log Manager: list: Listing contexts for virtual host 'localhost'
31-Mar-2016 16:13:48.115 INFO [http-apr-8079-exec-129] org.apache.catalina.core.ApplicationContext.log Manager: restart: Reloading web application '/Chat'
31-Mar-2016 16:17:43.987 INFO [http-apr-8079-exec-129] org.apache.catalina.core.ApplicationContext.log Manager: list: Listing contexts for virtual host 'localhost'
31-Mar-2016 16:17:43.995 INFO [http-apr-8079-exec-125] org.apache.catalina.core.ApplicationContext.log Manager: restart: Reloading web application '/Chat'
31-Mar-2016 16:19:13.119 INFO [http-apr-8079-exec-125] org.apache.catalina.core.ApplicationContext.log Manager: list: Listing contexts for virtual host 'localhost'
31-Mar-2016 16:19:13.124 INFO [http-apr-8079-exec-135] org.apache.catalina.core.ApplicationContext.log Manager: restart: Reloading web application '/Chat'
31-Mar-2016 16:20:06.048 INFO [http-apr-8079-exec-135] org.apache.catalina.core.ApplicationContext.log Manager: list: Listing contexts for virtual host 'localhost'
31-Mar-2016 16:20:06.057 INFO [http-apr-8079-exec-125] org.apache.catalina.core.ApplicationContext.log Manager: restart: Reloading web application '/Chat'
31-Mar-2016 16:20:21.486 INFO [http-apr-8079-exec-121] org.apache.catalina.core.ApplicationContext.log Manager: list: Listing contexts for virtual host 'localhost'
31-Mar-2016 16:20:21.496 INFO [http-apr-8079-exec-135] org.apache.catalina.core.ApplicationContext.log Manager: restart: Reloading web application '/Chat'
31-Mar-2016 16:24:09.786 INFO [http-apr-8079-exec-135] org.apache.catalina.core.ApplicationContext.log Manager: list: Listing contexts for virtual host 'localhost'
31-Mar-2016 16:24:09.796 INFO [http-apr-8079-exec-125] org.apache.catalina.core.ApplicationContext.log Manager: restart: Reloading web application '/Chat'
31-Mar-2016 16:24:15.616 INFO [http-apr-8079-exec-143] org.apache.catalina.core.ApplicationContext.log Manager: list: Listing contexts for virtual host 'localhost'
31-Mar-2016 16:24:15.625 INFO [http-apr-8079-exec-144] org.apache.catalina.core.ApplicationContext.log Manager: restart: Reloading web application '/Chat'
31-Mar-2016 16:26:40.120 INFO [http-apr-8079-exec-144] org.apache.catalina.core.ApplicationContext.log Manager: list: Listing contexts for virtual host 'localhost'
31-Mar-2016 16:26:40.125 INFO [http-apr-8079-exec-135] org.apache.catalina.core.ApplicationContext.log Manager: restart: Reloading web application '/Chat'
31-Mar-2016 16:31:03.037 INFO [http-apr-8079-exec-135] org.apache.catalina.core.ApplicationContext.log Manager: list: Listing contexts for virtual host 'localhost'
31-Mar-2016 16:31:03.046 INFO [http-apr-8079-exec-150] org.apache.catalina.core.ApplicationContext.log Manager: restart: Reloading web application '/Chat'
31-Mar-2016 16:31:38.540 INFO [http-apr-8079-exec-150] org.apache.catalina.core.ApplicationContext.log Manager: list: Listing contexts for virtual host 'localhost'
31-Mar-2016 16:32:59.920 INFO [http-apr-8079-exec-150] org.apache.catalina.core.ApplicationContext.log Manager: list: Listing contexts for virtual host 'localhost'
31-Mar-2016 16:32:59.929 INFO [http-apr-8079-exec-144] org.apache.catalina.core.ApplicationContext.log Manager: restart: Reloading web application '/Chat'
31-Mar-2016 16:40:52.118 INFO [http-apr-8079-exec-144] org.apache.catalina.core.ApplicationContext.log Manager: list: Listing contexts for virtual host 'localhost'
31-Mar-2016 16:45:28.766 INFO [http-apr-8079-exec-166] org.apache.catalina.core.ApplicationContext.log Manager: list: Listing contexts for virtual host 'localhost'
31-Mar-2016 16:51:05.464 INFO [http-apr-8079-exec-166] org.apache.catalina.core.ApplicationContext.log Manager: list: Listing contexts for virtual host 'localhost'
31-Mar-2016 16:51:17.230 INFO [http-apr-8079-exec-166] org.apache.catalina.core.ApplicationContext.log Manager: list: Listing contexts for virtual host 'localhost'
31-Mar-2016 16:51:40.072 INFO [http-apr-8079-exec-166] org.apache.catalina.core.ApplicationContext.log Manager: list: Listing contexts for virtual host 'localhost'
31-Mar-2016 16:51:45.050 INFO [http-apr-8079-exec-165] org.apache.catalina.core.ApplicationContext.log Manager: list: Listing contexts for virtual host 'localhost'
31-Mar-2016 16:53:50.039 INFO [http-apr-8079-exec-165] org.apache.catalina.core.ApplicationContext.log Manager: list: Listing contexts for virtual host 'localhost'
31-Mar-2016 16:54:23.565 INFO [http-apr-8079-exec-165] org.apache.catalina.core.ApplicationContext.log Manager: list: Listing contexts for virtual host 'localhost'
31-Mar-2016 16:54:35.428 INFO [http-apr-8079-exec-165] org.apache.catalina.core.ApplicationContext.log Manager: list: Listing contexts for virtual host 'localhost'
31-Mar-2016 16:56:46.791 INFO [http-apr-8079-exec-165] org.apache.catalina.core.ApplicationContext.log Manager: list: Listing contexts for virtual host 'localhost'
31-Mar-2016 17:01:00.270 INFO [http-apr-8079-exec-165] org.apache.catalina.core.ApplicationContext.log Manager: list: Listing contexts for virtual host 'localhost'
31-Mar-2016 17:01:36.176 INFO [http-apr-8079-exec-165] org.apache.catalina.core.ApplicationContext.log Manager: list: Listing contexts for virtual host 'localhost'
31-Mar-2016 17:02:04.874 INFO [http-apr-8079-exec-165] org.apache.catalina.core.ApplicationContext.log Manager: list: Listing contexts for virtual host 'localhost'
31-Mar-2016 17:05:43.325 INFO [http-apr-8079-exec-165] org.apache.catalina.core.ApplicationContext.log Manager: list: Listing contexts for virtual host 'localhost'
31-Mar-2016 17:06:02.327 INFO [http-apr-8079-exec-165] org.apache.catalina.core.ApplicationContext.log Manager: list: Listing contexts for virtual host 'localhost'
31-Mar-2016 17:06:27.489 INFO [http-apr-8079-exec-165] org.apache.catalina.core.ApplicationContext.log Manager: list: Listing contexts for virtual host 'localhost'
31-Mar-2016 17:06:41.386 INFO [http-apr-8079-exec-165] org.apache.catalina.core.ApplicationContext.log Manager: list: Listing contexts for virtual host 'localhost'
31-Mar-2016 17:06:56.751 INFO [http-apr-8079-exec-165] org.apache.catalina.core.ApplicationContext.log Manager: list: Listing contexts for virtual host 'localhost'
31-Mar-2016 17:07:49.742 INFO [http-apr-8079-exec-165] org.apache.catalina.core.ApplicationContext.log Manager: list: Listing contexts for virtual host 'localhost'
31-Mar-2016 17:08:42.331 INFO [http-apr-8079-exec-165] org.apache.catalina.core.ApplicationContext.log Manager: list: Listing contexts for virtual host 'localhost'
31-Mar-2016 17:10:33.513 INFO [http-apr-8079-exec-165] org.apache.catalina.core.ApplicationContext.log Manager: list: Listing contexts for virtual host 'localhost'
31-Mar-2016 17:11:30.199 INFO [http-apr-8079-exec-165] org.apache.catalina.core.ApplicationContext.log Manager: list: Listing contexts for virtual host 'localhost'
31-Mar-2016 17:12:31.905 INFO [http-apr-8079-exec-165] org.apache.catalina.core.ApplicationContext.log Manager: list: Listing contexts for virtual host 'localhost'
31-Mar-2016 17:12:39.791 INFO [http-apr-8079-exec-165] org.apache.catalina.core.ApplicationContext.log Manager: list: Listing contexts for virtual host 'localhost'
31-Mar-2016 17:12:48.174 INFO [http-apr-8079-exec-165] org.apache.catalina.core.ApplicationContext.log Manager: list: Listing contexts for virtual host 'localhost'
31-Mar-2016 17:13:46.274 INFO [http-apr-8079-exec-165] org.apache.catalina.core.ApplicationContext.log Manager: list: Listing contexts for virtual host 'localhost'
31-Mar-2016 17:14:05.265 INFO [http-apr-8079-exec-164] org.apache.catalina.core.ApplicationContext.log Manager: list: Listing contexts for virtual host 'localhost'
31-Mar-2016 17:14:47.436 INFO [http-apr-8079-exec-164] org.apache.catalina.core.ApplicationContext.log Manager: list: Listing contexts for virtual host 'localhost'
31-Mar-2016 17:15:32.015 INFO [http-apr-8079-exec-164] org.apache.catalina.core.ApplicationContext.log Manager: list: Listing contexts for virtual host 'localhost'
31-Mar-2016 17:15:52.637 INFO [http-apr-8079-exec-164] org.apache.catalina.core.ApplicationContext.log Manager: list: Listing contexts for virtual host 'localhost'
31-Mar-2016 17:17:09.448 INFO [http-apr-8079-exec-164] org.apache.catalina.core.ApplicationContext.log Manager: list: Listing contexts for virtual host 'localhost'
31-Mar-2016 17:17:55.057 INFO [http-apr-8079-exec-164] org.apache.catalina.core.ApplicationContext.log Manager: list: Listing contexts for virtual host 'localhost'
31-Mar-2016 17:18:01.019 INFO [http-apr-8079-exec-164] org.apache.catalina.core.ApplicationContext.log Manager: list: Listing contexts for virtual host 'localhost'
31-Mar-2016 17:19:06.216 INFO [http-apr-8079-exec-164] org.apache.catalina.core.ApplicationContext.log Manager: list: Listing contexts for virtual host 'localhost'
31-Mar-2016 17:22:57.443 INFO [http-apr-8079-exec-164] org.apache.catalina.core.ApplicationContext.log Manager: list: Listing contexts for virtual host 'localhost'
31-Mar-2016 17:23:37.860 INFO [http-apr-8079-exec-164] org.apache.catalina.core.ApplicationContext.log Manager: list: Listing contexts for virtual host 'localhost'
31-Mar-2016 17:25:02.337 INFO [http-apr-8079-exec-164] org.apache.catalina.core.ApplicationContext.log Manager: list: Listing contexts for virtual host 'localhost'
31-Mar-2016 17:25:02.348 INFO [http-apr-8079-exec-166] org.apache.catalina.core.ApplicationContext.log Manager: restart: Reloading web application '/Chat'
31-Mar-2016 17:26:04.557 INFO [http-apr-8079-exec-170] org.apache.catalina.core.ApplicationContext.log Manager: list: Listing contexts for virtual host 'localhost'
31-Mar-2016 17:26:04.567 INFO [http-apr-8079-exec-162] org.apache.catalina.core.ApplicationContext.log Manager: restart: Reloading web application '/Chat'
31-Mar-2016 17:27:02.295 INFO [http-apr-8079-exec-162] org.apache.catalina.core.ApplicationContext.log Manager: list: Listing contexts for virtual host 'localhost'
31-Mar-2016 17:27:02.304 INFO [http-apr-8079-exec-168] org.apache.catalina.core.ApplicationContext.log Manager: restart: Reloading web application '/Chat'
31-Mar-2016 17:28:24.965 INFO [http-apr-8079-exec-173] org.apache.catalina.core.ApplicationContext.log Manager: list: Listing contexts for virtual host 'localhost'
31-Mar-2016 17:28:24.970 INFO [http-apr-8079-exec-162] org.apache.catalina.core.ApplicationContext.log Manager: restart: Reloading web application '/Chat'
31-Mar-2016 17:28:35.596 INFO [http-apr-8079-exec-162] org.apache.catalina.core.ApplicationContext.log Manager: list: Listing contexts for virtual host 'localhost'
31-Mar-2016 17:28:35.602 INFO [http-apr-8079-exec-169] org.apache.catalina.core.ApplicationContext.log Manager: restart: Reloading web application '/Chat'
31-Mar-2016 17:29:32.322 INFO [http-apr-8079-exec-169] org.apache.catalina.core.ApplicationContext.log Manager: list: Listing contexts for virtual host 'localhost'
31-Mar-2016 17:30:03.675 INFO [http-apr-8079-exec-169] org.apache.catalina.core.ApplicationContext.log Manager: list: Listing contexts for virtual host 'localhost'
31-Mar-2016 17:30:13.875 INFO [http-apr-8079-exec-169] org.apache.catalina.core.ApplicationContext.log Manager: list: Listing contexts for virtual host 'localhost'
31-Mar-2016 17:30:37.875 INFO [http-apr-8079-exec-169] org.apache.catalina.core.ApplicationContext.log Manager: list: Listing contexts for virtual host 'localhost'
31-Mar-2016 17:31:22.275 INFO [http-apr-8079-exec-169] org.apache.catalina.core.ApplicationContext.log Manager: list: Listing contexts for virtual host 'localhost'
31-Mar-2016 17:31:42.243 INFO [http-apr-8079-exec-172] org.apache.catalina.core.ApplicationContext.log Manager: list: Listing contexts for virtual host 'localhost'
31-Mar-2016 17:31:42.252 INFO [http-apr-8079-exec-173] org.apache.catalina.core.ApplicationContext.log Manager: restart: Reloading web application '/Chat'
31-Mar-2016 17:32:20.279 INFO [http-apr-8079-exec-173] org.apache.catalina.core.ApplicationContext.log Manager: list: Listing contexts for virtual host 'localhost'
31-Mar-2016 17:32:20.288 INFO [http-apr-8079-exec-169] org.apache.catalina.core.ApplicationContext.log Manager: restart: Reloading web application '/Chat'
31-Mar-2016 17:32:52.197 INFO [http-apr-8079-exec-169] org.apache.catalina.core.ApplicationContext.log Manager: list: Listing contexts for virtual host 'localhost'
31-Mar-2016 17:33:34.382 INFO [http-apr-8079-exec-169] org.apache.catalina.core.ApplicationContext.log Manager: list: Listing contexts for virtual host 'localhost'
31-Mar-2016 17:36:29.962 INFO [http-apr-8079-exec-169] org.apache.catalina.core.ApplicationContext.log Manager: list: Listing contexts for virtual host 'localhost'
31-Mar-2016 17:37:50.260 INFO [http-apr-8079-exec-169] org.apache.catalina.core.ApplicationContext.log Manager: list: Listing contexts for virtual host 'localhost'
31-Mar-2016 21:21:18.991 INFO [http-apr-8079-exec-190] org.apache.catalina.core.ApplicationContext.log Manager: list: Listing contexts for virtual host 'localhost'
31-Mar-2016 21:23:28.598 INFO [http-apr-8079-exec-190] org.apache.catalina.core.ApplicationContext.log Manager: list: Listing contexts for virtual host 'localhost'
31-Mar-2016 21:24:36.232 INFO [http-apr-8079-exec-190] org.apache.catalina.core.ApplicationContext.log Manager: list: Listing contexts for virtual host 'localhost'
31-Mar-2016 21:25:20.849 INFO [http-apr-8079-exec-190] org.apache.catalina.core.ApplicationContext.log Manager: list: Listing contexts for virtual host 'localhost'
31-Mar-2016 21:29:40.446 INFO [http-apr-8079-exec-190] org.apache.catalina.core.ApplicationContext.log Manager: list: Listing contexts for virtual host 'localhost'
31-Mar-2016 21:29:49.972 INFO [http-apr-8079-exec-190] org.apache.catalina.core.ApplicationContext.log Manager: list: Listing contexts for virtual host 'localhost'
31-Mar-2016 21:31:41.913 INFO [http-apr-8079-exec-191] org.apache.catalina.core.ApplicationContext.log Manager: list: Listing contexts for virtual host 'localhost'
31-Mar-2016 21:33:16.938 INFO [http-apr-8079-exec-191] org.apache.catalina.core.ApplicationContext.log Manager: list: Listing contexts for virtual host 'localhost'
31-Mar-2016 21:34:52.768 INFO [http-apr-8079-exec-191] org.apache.catalina.core.ApplicationContext.log Manager: list: Listing contexts for virtual host 'localhost'
31-Mar-2016 21:36:20.860 INFO [http-apr-8079-exec-191] org.apache.catalina.core.ApplicationContext.log Manager: list: Listing contexts for virtual host 'localhost'
31-Mar-2016 21:45:15.898 INFO [http-apr-8079-exec-191] org.apache.catalina.core.ApplicationContext.log Manager: list: Listing contexts for virtual host 'localhost'
31-Mar-2016 21:47:11.936 INFO [http-apr-8079-exec-191] org.apache.catalina.core.ApplicationContext.log Manager: list: Listing contexts for virtual host 'localhost'
31-Mar-2016 21:54:00.986 INFO [http-apr-8079-exec-191] org.apache.catalina.core.ApplicationContext.log Manager: list: Listing contexts for virtual host 'localhost'
31-Mar-2016 21:54:00.996 INFO [http-apr-8079-exec-192] org.apache.catalina.core.ApplicationContext.log Manager: restart: Reloading web application '/Chat'
31-Mar-2016 22:02:43.703 INFO [http-apr-8079-exec-201] org.apache.catalina.core.ApplicationContext.log Manager: list: Listing contexts for virtual host 'localhost'
31-Mar-2016 22:02:43.711 INFO [http-apr-8079-exec-190] org.apache.catalina.core.ApplicationContext.log Manager: restart: Reloading web application '/Chat'
31-Mar-2016 22:04:53.865 INFO [http-apr-8079-exec-205] org.apache.catalina.core.ApplicationContext.log Manager: list: Listing contexts for virtual host 'localhost'
31-Mar-2016 22:04:53.874 INFO [http-apr-8079-exec-199] org.apache.catalina.core.ApplicationContext.log Manager: restart: Reloading web application '/Chat'
31-Mar-2016 22:07:17.269 INFO [http-apr-8079-exec-199] org.apache.catalina.core.ApplicationContext.log Manager: list: Listing contexts for virtual host 'localhost'
31-Mar-2016 22:07:17.280 INFO [http-apr-8079-exec-203] org.apache.catalina.core.ApplicationContext.log Manager: restart: Reloading web application '/Chat'
31-Mar-2016 22:08:48.132 INFO [http-apr-8079-exec-203] org.apache.catalina.core.ApplicationContext.log Manager: list: Listing contexts for virtual host 'localhost'
31-Mar-2016 22:08:48.138 INFO [http-apr-8079-exec-199] org.apache.catalina.core.ApplicationContext.log Manager: restart: Reloading web application '/Chat'
31-Mar-2016 22:09:17.472 INFO [http-apr-8079-exec-199] org.apache.catalina.core.ApplicationContext.log Manager: list: Listing contexts for virtual host 'localhost'
31-Mar-2016 22:09:17.481 INFO [http-apr-8079-exec-203] org.apache.catalina.core.ApplicationContext.log Manager: restart: Reloading web application '/Chat'
31-Mar-2016 22:11:06.939 INFO [http-apr-8079-exec-203] org.apache.catalina.core.ApplicationContext.log Manager: list: Listing contexts for virtual host 'localhost'
31-Mar-2016 22:11:06.950 INFO [http-apr-8079-exec-208] org.apache.catalina.core.ApplicationContext.log Manager: restart: Reloading web application '/Chat'
31-Mar-2016 22:12:10.275 INFO [http-apr-8079-exec-208] org.apache.catalina.core.ApplicationContext.log Manager: list: Listing contexts for virtual host 'localhost'
31-Mar-2016 22:12:10.284 INFO [http-apr-8079-exec-199] org.apache.catalina.core.ApplicationContext.log Manager: restart: Reloading web application '/Chat'
31-Mar-2016 22:12:29.782 INFO [http-apr-8079-exec-199] org.apache.catalina.core.ApplicationContext.log Manager: list: Listing contexts for virtual host 'localhost'
31-Mar-2016 22:12:29.791 INFO [http-apr-8079-exec-203] org.apache.catalina.core.ApplicationContext.log Manager: restart: Reloading web application '/Chat'
31-Mar-2016 22:12:58.569 INFO [http-apr-8079-exec-203] org.apache.catalina.core.ApplicationContext.log Manager: list: Listing contexts for virtual host 'localhost'
31-Mar-2016 22:13:53.378 INFO [http-apr-8079-exec-203] org.apache.catalina.core.ApplicationContext.log Manager: list: Listing contexts for virtual host 'localhost'
31-Mar-2016 22:13:53.390 INFO [http-apr-8079-exec-199] org.apache.catalina.core.ApplicationContext.log Manager: restart: Reloading web application '/Chat'
31-Mar-2016 22:14:10.442 INFO [http-apr-8079-exec-199] org.apache.catalina.core.ApplicationContext.log Manager: list: Listing contexts for virtual host 'localhost'
31-Mar-2016 22:14:10.450 INFO [http-apr-8079-exec-203] org.apache.catalina.core.ApplicationContext.log Manager: restart: Reloading web application '/Chat'
31-Mar-2016 22:14:52.319 INFO [http-apr-8079-exec-203] org.apache.catalina.core.ApplicationContext.log Manager: list: Listing contexts for virtual host 'localhost'
31-Mar-2016 22:14:52.330 INFO [http-apr-8079-exec-199] org.apache.catalina.core.ApplicationContext.log Manager: restart: Reloading web application '/Chat'
31-Mar-2016 22:14:58.200 INFO [http-apr-8079-exec-199] org.apache.catalina.core.ApplicationContext.log Manager: list: Listing contexts for virtual host 'localhost'
31-Mar-2016 22:14:58.205 INFO [http-apr-8079-exec-219] org.apache.catalina.core.ApplicationContext.log Manager: restart: Reloading web application '/Chat'
31-Mar-2016 22:15:05.362 INFO [http-apr-8079-exec-214] org.apache.catalina.core.ApplicationContext.log Manager: list: Listing contexts for virtual host 'localhost'
