30-Mar-2016 01:35:53.267 INFO [http-apr-8079-exec-10] org.apache.catalina.core.ApplicationContext.log Manager: init: Associated with Deployer 'Catalina:type=Deployer,host=localhost'
30-Mar-2016 01:35:53.267 INFO [http-apr-8079-exec-10] org.apache.catalina.core.ApplicationContext.log Manager: init: Global resources are available
30-Mar-2016 01:35:53.268 INFO [http-apr-8079-exec-10] org.apache.catalina.core.ApplicationContext.log Manager: list: Listing contexts for virtual host 'localhost'
30-Mar-2016 01:35:53.273 INFO [http-apr-8079-exec-1] org.apache.catalina.core.ApplicationContext.log Manager: list: Listing contexts for virtual host 'localhost'
30-Mar-2016 01:35:53.282 INFO [http-apr-8079-exec-2] org.apache.catalina.core.ApplicationContext.log Manager: install: Installing context configuration at 'file:/C:/Users/ang_2/AppData/Local/Temp/context5356815873187847430.xml'
30-Mar-2016 01:35:53.342 INFO [http-apr-8079-exec-3] org.apache.catalina.core.ApplicationContext.log Manager: start: Starting web application '/Chat'
30-Mar-2016 01:37:32.021 INFO [http-apr-8079-exec-1] org.apache.catalina.core.ApplicationContext.log Manager: list: Listing contexts for virtual host 'localhost'
30-Mar-2016 01:37:32.030 INFO [http-apr-8079-exec-10] org.apache.catalina.core.ApplicationContext.log Manager: stop: Stopping web application '/Chat'
30-Mar-2016 01:37:32.041 INFO [http-apr-8079-exec-4] org.apache.catalina.core.ApplicationContext.log Manager: start: Starting web application '/Chat'
30-Mar-2016 01:37:35.935 INFO [http-apr-8079-exec-9] org.apache.catalina.core.ApplicationContext.log Manager: list: Listing contexts for virtual host 'localhost'
30-Mar-2016 01:37:35.937 INFO [http-apr-8079-exec-3] org.apache.catalina.core.ApplicationContext.log Manager: list: Listing contexts for virtual host 'localhost'
30-Mar-2016 01:37:35.954 INFO [http-apr-8079-exec-12] org.apache.catalina.core.ApplicationContext.log Manager: stop: Stopping web application '/Chat'
30-Mar-2016 01:37:35.960 INFO [http-apr-8079-exec-4] org.apache.catalina.core.ApplicationContext.log Manager: start: Starting web application '/Chat'
30-Mar-2016 01:39:17.308 INFO [http-apr-8079-exec-6] org.apache.catalina.core.ApplicationContext.log Manager: list: Listing contexts for virtual host 'localhost'
30-Mar-2016 01:40:42.587 INFO [http-apr-8079-exec-6] org.apache.catalina.core.ApplicationContext.log Manager: list: Listing contexts for virtual host 'localhost'
30-Mar-2016 01:44:45.041 INFO [http-apr-8079-exec-10] org.apache.catalina.core.ApplicationContext.log Manager: init: Associated with Deployer 'Catalina:type=Deployer,host=localhost'
30-Mar-2016 01:44:45.041 INFO [http-apr-8079-exec-10] org.apache.catalina.core.ApplicationContext.log Manager: init: Global resources are available
30-Mar-2016 01:44:45.042 INFO [http-apr-8079-exec-10] org.apache.catalina.core.ApplicationContext.log Manager: list: Listing contexts for virtual host 'localhost'
30-Mar-2016 01:44:45.048 INFO [http-apr-8079-exec-1] org.apache.catalina.core.ApplicationContext.log Manager: list: Listing contexts for virtual host 'localhost'
30-Mar-2016 01:44:45.088 INFO [http-apr-8079-exec-3] org.apache.catalina.core.ApplicationContext.log Manager: restart: Reloading web application '/Chat'
30-Mar-2016 02:04:20.312 INFO [http-apr-8079-exec-18] org.apache.catalina.core.ApplicationContext.log Manager: list: Listing contexts for virtual host 'localhost'
30-Mar-2016 02:04:20.317 INFO [http-apr-8079-exec-11] org.apache.catalina.core.ApplicationContext.log Manager: list: Listing contexts for virtual host 'localhost'
30-Mar-2016 02:04:20.338 INFO [http-apr-8079-exec-12] org.apache.catalina.core.ApplicationContext.log Manager: install: Installing context configuration at 'file:/C:/Users/ang_2/AppData/Local/Temp/context7888239509088608486.xml'
30-Mar-2016 02:04:20.493 INFO [http-apr-8079-exec-13] org.apache.catalina.core.ApplicationContext.log Manager: start: Starting web application '/ChatSSL'
30-Mar-2016 02:04:27.487 INFO [http-apr-8079-exec-14] org.apache.catalina.core.ApplicationContext.log Manager: list: Listing contexts for virtual host 'localhost'
30-Mar-2016 02:04:27.496 INFO [http-apr-8079-exec-16] org.apache.catalina.core.ApplicationContext.log Manager: list: Listing contexts for virtual host 'localhost'
30-Mar-2016 02:04:27.505 INFO [http-apr-8079-exec-18] org.apache.catalina.core.ApplicationContext.log Manager: undeploy: Undeploying web application at '/ChatSSL'
30-Mar-2016 02:04:28.034 INFO [http-apr-8079-exec-13] org.apache.catalina.core.ApplicationContext.log Manager: install: Installing context configuration at 'file:/C:/Users/ang_2/AppData/Local/Temp/context615821757391026900.xml'
30-Mar-2016 02:04:28.186 INFO [http-apr-8079-exec-12] org.apache.catalina.core.ApplicationContext.log Manager: start: Starting web application '/ChatSSL'
30-Mar-2016 02:04:48.126 INFO [http-apr-8079-exec-17] org.apache.catalina.core.ApplicationContext.log Manager: list: Listing contexts for virtual host 'localhost'
30-Mar-2016 02:04:56.415 INFO [http-apr-8079-exec-17] org.apache.catalina.core.ApplicationContext.log Manager: list: Listing contexts for virtual host 'localhost'
30-Mar-2016 02:05:21.800 INFO [http-apr-8079-exec-17] org.apache.catalina.core.ApplicationContext.log Manager: list: Listing contexts for virtual host 'localhost'
30-Mar-2016 02:06:01.427 INFO [http-apr-8079-exec-23] org.apache.catalina.core.ApplicationContext.log Manager: list: Listing contexts for virtual host 'localhost'
30-Mar-2016 02:06:01.433 INFO [http-apr-8079-exec-22] org.apache.catalina.core.ApplicationContext.log Manager: undeploy: Undeploying web application at '/Chat'
30-Mar-2016 02:06:01.944 INFO [http-apr-8079-exec-25] org.apache.catalina.core.ApplicationContext.log Manager: install: Installing context configuration at 'file:/C:/Users/ang_2/AppData/Local/Temp/context6799110220354790453.xml'
30-Mar-2016 02:06:02.013 INFO [http-apr-8079-exec-14] org.apache.catalina.core.ApplicationContext.log Manager: list: Listing contexts for virtual host 'localhost'
30-Mar-2016 02:06:02.020 INFO [http-apr-8079-exec-16] org.apache.catalina.core.ApplicationContext.log Manager: restart: Reloading web application '/Chat'
30-Mar-2016 02:08:23.237 INFO [http-apr-8079-exec-21] org.apache.catalina.core.ApplicationContext.log Manager: list: Listing contexts for virtual host 'localhost'
30-Mar-2016 02:08:23.239 INFO [http-apr-8079-exec-27] org.apache.catalina.core.ApplicationContext.log Manager: list: Listing contexts for virtual host 'localhost'
30-Mar-2016 02:08:23.259 INFO [http-apr-8079-exec-29] org.apache.catalina.core.ApplicationContext.log Manager: undeploy: Undeploying web application at '/Chat'
30-Mar-2016 02:08:23.775 INFO [http-apr-8079-exec-26] org.apache.catalina.core.ApplicationContext.log Manager: install: Installing context configuration at 'file:/C:/Users/ang_2/AppData/Local/Temp/context9087799463384699009.xml'
