07-Apr-2016 02:11:19.724 INFO [http-apr-8079-exec-10] org.apache.catalina.core.ApplicationContext.log Manager: init: Associated with Deployer 'Catalina:type=Deployer,host=localhost'
07-Apr-2016 02:11:19.724 INFO [http-apr-8079-exec-10] org.apache.catalina.core.ApplicationContext.log Manager: init: Global resources are available
07-Apr-2016 02:11:19.725 INFO [http-apr-8079-exec-10] org.apache.catalina.core.ApplicationContext.log Manager: list: Listing contexts for virtual host 'localhost'
07-Apr-2016 02:11:19.731 INFO [http-apr-8079-exec-1] org.apache.catalina.core.ApplicationContext.log Manager: list: Listing contexts for virtual host 'localhost'
07-Apr-2016 02:11:19.756 INFO [http-apr-8079-exec-2] org.apache.catalina.core.ApplicationContext.log Manager: stop: Stopping web application '/Chat'
07-Apr-2016 02:11:19.771 INFO [http-apr-8079-exec-1] org.apache.catalina.core.ApplicationContext.log Manager: start: Starting web application '/Chat'
07-Apr-2016 02:12:03.486 INFO [http-apr-8079-exec-6] org.apache.catalina.core.ApplicationContext.log Manager: list: Listing contexts for virtual host 'localhost'
07-Apr-2016 02:12:15.921 INFO [http-apr-8079-exec-6] org.apache.catalina.core.ApplicationContext.log Manager: list: Listing contexts for virtual host 'localhost'
07-Apr-2016 02:13:13.849 INFO [http-apr-8079-exec-6] org.apache.catalina.core.ApplicationContext.log Manager: list: Listing contexts for virtual host 'localhost'
07-Apr-2016 02:14:36.654 INFO [http-apr-8079-exec-6] org.apache.catalina.core.ApplicationContext.log Manager: list: Listing contexts for virtual host 'localhost'
07-Apr-2016 02:14:46.566 INFO [http-apr-8079-exec-6] org.apache.catalina.core.ApplicationContext.log Manager: list: Listing contexts for virtual host 'localhost'
07-Apr-2016 02:14:55.341 INFO [http-apr-8079-exec-8] org.apache.catalina.core.ApplicationContext.log Manager: list: Listing contexts for virtual host 'localhost'
07-Apr-2016 02:15:11.035 INFO [http-apr-8079-exec-8] org.apache.catalina.core.ApplicationContext.log Manager: list: Listing contexts for virtual host 'localhost'
07-Apr-2016 02:15:21.810 INFO [http-apr-8079-exec-19] org.apache.catalina.core.ApplicationContext.log Manager: list: Listing contexts for virtual host 'localhost'
07-Apr-2016 02:16:07.525 INFO [http-apr-8079-exec-19] org.apache.catalina.core.ApplicationContext.log Manager: list: Listing contexts for virtual host 'localhost'
07-Apr-2016 02:17:18.814 INFO [http-apr-8079-exec-19] org.apache.catalina.core.ApplicationContext.log Manager: list: Listing contexts for virtual host 'localhost'
07-Apr-2016 02:17:55.585 INFO [http-apr-8079-exec-19] org.apache.catalina.core.ApplicationContext.log Manager: list: Listing contexts for virtual host 'localhost'
07-Apr-2016 02:18:20.333 INFO [http-apr-8079-exec-19] org.apache.catalina.core.ApplicationContext.log Manager: list: Listing contexts for virtual host 'localhost'
07-Apr-2016 02:18:26.568 INFO [http-apr-8079-exec-19] org.apache.catalina.core.ApplicationContext.log Manager: list: Listing contexts for virtual host 'localhost'
07-Apr-2016 02:18:30.549 INFO [http-apr-8079-exec-18] org.apache.catalina.core.ApplicationContext.log Manager: list: Listing contexts for virtual host 'localhost'
07-Apr-2016 02:19:51.344 INFO [http-apr-8079-exec-18] org.apache.catalina.core.ApplicationContext.log Manager: list: Listing contexts for virtual host 'localhost'
07-Apr-2016 02:20:54.893 INFO [http-apr-8079-exec-18] org.apache.catalina.core.ApplicationContext.log Manager: list: Listing contexts for virtual host 'localhost'
07-Apr-2016 02:21:34.157 INFO [http-apr-8079-exec-18] org.apache.catalina.core.ApplicationContext.log Manager: list: Listing contexts for virtual host 'localhost'
07-Apr-2016 02:21:59.328 INFO [http-apr-8079-exec-18] org.apache.catalina.core.ApplicationContext.log Manager: list: Listing contexts for virtual host 'localhost'
07-Apr-2016 02:22:20.264 INFO [http-apr-8079-exec-18] org.apache.catalina.core.ApplicationContext.log Manager: list: Listing contexts for virtual host 'localhost'
07-Apr-2016 02:22:55.784 INFO [http-apr-8079-exec-18] org.apache.catalina.core.ApplicationContext.log Manager: list: Listing contexts for virtual host 'localhost'
07-Apr-2016 02:23:41.148 INFO [http-apr-8079-exec-18] org.apache.catalina.core.ApplicationContext.log Manager: list: Listing contexts for virtual host 'localhost'
07-Apr-2016 02:24:01.051 INFO [http-apr-8079-exec-18] org.apache.catalina.core.ApplicationContext.log Manager: list: Listing contexts for virtual host 'localhost'
07-Apr-2016 02:25:28.994 INFO [http-apr-8079-exec-18] org.apache.catalina.core.ApplicationContext.log Manager: list: Listing contexts for virtual host 'localhost'
07-Apr-2016 02:27:10.118 INFO [http-apr-8079-exec-18] org.apache.catalina.core.ApplicationContext.log Manager: list: Listing contexts for virtual host 'localhost'
07-Apr-2016 02:27:15.622 INFO [http-apr-8079-exec-18] org.apache.catalina.core.ApplicationContext.log Manager: list: Listing contexts for virtual host 'localhost'
07-Apr-2016 02:27:44.462 INFO [http-apr-8079-exec-18] org.apache.catalina.core.ApplicationContext.log Manager: list: Listing contexts for virtual host 'localhost'
07-Apr-2016 02:28:36.638 INFO [http-apr-8079-exec-18] org.apache.catalina.core.ApplicationContext.log Manager: list: Listing contexts for virtual host 'localhost'
07-Apr-2016 02:28:44.103 INFO [http-apr-8079-exec-18] org.apache.catalina.core.ApplicationContext.log Manager: list: Listing contexts for virtual host 'localhost'
07-Apr-2016 02:31:02.750 INFO [http-apr-8079-exec-18] org.apache.catalina.core.ApplicationContext.log Manager: list: Listing contexts for virtual host 'localhost'
07-Apr-2016 02:31:18.658 INFO [http-apr-8079-exec-18] org.apache.catalina.core.ApplicationContext.log Manager: list: Listing contexts for virtual host 'localhost'
07-Apr-2016 02:32:08.332 INFO [http-apr-8079-exec-18] org.apache.catalina.core.ApplicationContext.log Manager: list: Listing contexts for virtual host 'localhost'
07-Apr-2016 02:33:16.779 INFO [http-apr-8079-exec-18] org.apache.catalina.core.ApplicationContext.log Manager: list: Listing contexts for virtual host 'localhost'
07-Apr-2016 02:34:08.348 INFO [http-apr-8079-exec-18] org.apache.catalina.core.ApplicationContext.log Manager: list: Listing contexts for virtual host 'localhost'
07-Apr-2016 02:36:20.729 INFO [http-apr-8079-exec-18] org.apache.catalina.core.ApplicationContext.log Manager: list: Listing contexts for virtual host 'localhost'
07-Apr-2016 02:42:13.584 INFO [http-apr-8079-exec-18] org.apache.catalina.core.ApplicationContext.log Manager: list: Listing contexts for virtual host 'localhost'
07-Apr-2016 02:43:47.185 INFO [http-apr-8079-exec-18] org.apache.catalina.core.ApplicationContext.log Manager: list: Listing contexts for virtual host 'localhost'
07-Apr-2016 02:48:57.087 INFO [http-apr-8079-exec-18] org.apache.catalina.core.ApplicationContext.log Manager: list: Listing contexts for virtual host 'localhost'
07-Apr-2016 02:49:20.581 INFO [http-apr-8079-exec-18] org.apache.catalina.core.ApplicationContext.log Manager: list: Listing contexts for virtual host 'localhost'
07-Apr-2016 02:49:56.063 INFO [http-apr-8079-exec-18] org.apache.catalina.core.ApplicationContext.log Manager: list: Listing contexts for virtual host 'localhost'
07-Apr-2016 02:51:48.457 INFO [http-apr-8079-exec-18] org.apache.catalina.core.ApplicationContext.log Manager: list: Listing contexts for virtual host 'localhost'
07-Apr-2016 02:52:59.479 INFO [http-apr-8079-exec-18] org.apache.catalina.core.ApplicationContext.log Manager: list: Listing contexts for virtual host 'localhost'
07-Apr-2016 02:56:05.713 INFO [http-apr-8079-exec-16] org.apache.catalina.core.ApplicationContext.log Manager: list: Listing contexts for virtual host 'localhost'
07-Apr-2016 02:56:14.521 INFO [http-apr-8079-exec-16] org.apache.catalina.core.ApplicationContext.log Manager: list: Listing contexts for virtual host 'localhost'
07-Apr-2016 02:57:42.182 INFO [http-apr-8079-exec-16] org.apache.catalina.core.ApplicationContext.log Manager: list: Listing contexts for virtual host 'localhost'
07-Apr-2016 02:58:07.991 INFO [http-apr-8079-exec-16] org.apache.catalina.core.ApplicationContext.log Manager: list: Listing contexts for virtual host 'localhost'
07-Apr-2016 03:04:29.842 INFO [http-apr-8079-exec-16] org.apache.catalina.core.ApplicationContext.log Manager: list: Listing contexts for virtual host 'localhost'
07-Apr-2016 03:04:54.979 INFO [http-apr-8079-exec-18] org.apache.catalina.core.ApplicationContext.log Manager: list: Listing contexts for virtual host 'localhost'
07-Apr-2016 03:06:16.528 INFO [http-apr-8079-exec-16] org.apache.catalina.core.ApplicationContext.log Manager: list: Listing contexts for virtual host 'localhost'
07-Apr-2016 03:06:24.465 INFO [http-apr-8079-exec-18] org.apache.catalina.core.ApplicationContext.log Manager: list: Listing contexts for virtual host 'localhost'
07-Apr-2016 03:10:42.865 INFO [http-apr-8079-exec-18] org.apache.catalina.core.ApplicationContext.log Manager: list: Listing contexts for virtual host 'localhost'
07-Apr-2016 03:13:10.197 INFO [http-apr-8079-exec-18] org.apache.catalina.core.ApplicationContext.log Manager: list: Listing contexts for virtual host 'localhost'
07-Apr-2016 03:13:21.549 INFO [http-apr-8079-exec-18] org.apache.catalina.core.ApplicationContext.log Manager: list: Listing contexts for virtual host 'localhost'
07-Apr-2016 03:14:02.449 INFO [http-apr-8079-exec-18] org.apache.catalina.core.ApplicationContext.log Manager: list: Listing contexts for virtual host 'localhost'
07-Apr-2016 03:14:28.261 INFO [http-apr-8079-exec-18] org.apache.catalina.core.ApplicationContext.log Manager: list: Listing contexts for virtual host 'localhost'
07-Apr-2016 03:14:29.620 INFO [http-apr-8079-exec-15] org.apache.catalina.core.ApplicationContext.log Manager: list: Listing contexts for virtual host 'localhost'
07-Apr-2016 03:15:50.744 INFO [http-apr-8079-exec-15] org.apache.catalina.core.ApplicationContext.log Manager: list: Listing contexts for virtual host 'localhost'
07-Apr-2016 03:15:53.301 INFO [http-apr-8079-exec-14] org.apache.catalina.core.ApplicationContext.log Manager: list: Listing contexts for virtual host 'localhost'
07-Apr-2016 03:17:55.062 INFO [http-apr-8079-exec-13] org.apache.catalina.core.ApplicationContext.log Manager: list: Listing contexts for virtual host 'localhost'
07-Apr-2016 03:19:48.099 INFO [http-apr-8079-exec-13] org.apache.catalina.core.ApplicationContext.log Manager: list: Listing contexts for virtual host 'localhost'
07-Apr-2016 03:20:08.762 INFO [http-apr-8079-exec-13] org.apache.catalina.core.ApplicationContext.log Manager: list: Listing contexts for virtual host 'localhost'
07-Apr-2016 03:20:10.063 INFO [http-apr-8079-exec-20] org.apache.catalina.core.ApplicationContext.log Manager: list: Listing contexts for virtual host 'localhost'
07-Apr-2016 03:20:42.492 INFO [http-apr-8079-exec-20] org.apache.catalina.core.ApplicationContext.log Manager: list: Listing contexts for virtual host 'localhost'
07-Apr-2016 03:25:08.973 INFO [http-apr-8079-exec-20] org.apache.catalina.core.ApplicationContext.log Manager: list: Listing contexts for virtual host 'localhost'
07-Apr-2016 03:25:49.080 INFO [http-apr-8079-exec-20] org.apache.catalina.core.ApplicationContext.log Manager: list: Listing contexts for virtual host 'localhost'
07-Apr-2016 03:28:09.093 INFO [http-apr-8079-exec-20] org.apache.catalina.core.ApplicationContext.log Manager: list: Listing contexts for virtual host 'localhost'
07-Apr-2016 03:30:14.343 INFO [http-apr-8079-exec-20] org.apache.catalina.core.ApplicationContext.log Manager: list: Listing contexts for virtual host 'localhost'
07-Apr-2016 03:32:45.654 INFO [http-apr-8079-exec-20] org.apache.catalina.core.ApplicationContext.log Manager: list: Listing contexts for virtual host 'localhost'
07-Apr-2016 03:35:14.295 INFO [http-apr-8079-exec-20] org.apache.catalina.core.ApplicationContext.log Manager: list: Listing contexts for virtual host 'localhost'
07-Apr-2016 03:36:23.386 INFO [http-apr-8079-exec-20] org.apache.catalina.core.ApplicationContext.log Manager: list: Listing contexts for virtual host 'localhost'
07-Apr-2016 03:36:35.173 INFO [http-apr-8079-exec-20] org.apache.catalina.core.ApplicationContext.log Manager: list: Listing contexts for virtual host 'localhost'
07-Apr-2016 03:36:55.561 INFO [http-apr-8079-exec-20] org.apache.catalina.core.ApplicationContext.log Manager: list: Listing contexts for virtual host 'localhost'
07-Apr-2016 03:41:04.492 INFO [http-apr-8079-exec-20] org.apache.catalina.core.ApplicationContext.log Manager: list: Listing contexts for virtual host 'localhost'
07-Apr-2016 03:41:06.222 INFO [http-apr-8079-exec-18] org.apache.catalina.core.ApplicationContext.log Manager: list: Listing contexts for virtual host 'localhost'
07-Apr-2016 03:42:58.283 INFO [http-apr-8079-exec-18] org.apache.catalina.core.ApplicationContext.log Manager: list: Listing contexts for virtual host 'localhost'
07-Apr-2016 03:45:16.408 INFO [http-apr-8079-exec-18] org.apache.catalina.core.ApplicationContext.log Manager: list: Listing contexts for virtual host 'localhost'
07-Apr-2016 03:45:25.377 INFO [http-apr-8079-exec-18] org.apache.catalina.core.ApplicationContext.log Manager: list: Listing contexts for virtual host 'localhost'
07-Apr-2016 03:46:59.145 INFO [http-apr-8079-exec-18] org.apache.catalina.core.ApplicationContext.log Manager: list: Listing contexts for virtual host 'localhost'
07-Apr-2016 03:47:04.137 INFO [http-apr-8079-exec-16] org.apache.catalina.core.ApplicationContext.log Manager: list: Listing contexts for virtual host 'localhost'
07-Apr-2016 03:47:52.614 INFO [http-apr-8079-exec-16] org.apache.catalina.core.ApplicationContext.log Manager: list: Listing contexts for virtual host 'localhost'
07-Apr-2016 03:48:41.560 INFO [http-apr-8079-exec-16] org.apache.catalina.core.ApplicationContext.log Manager: list: Listing contexts for virtual host 'localhost'
07-Apr-2016 03:52:24.064 INFO [http-apr-8079-exec-16] org.apache.catalina.core.ApplicationContext.log Manager: list: Listing contexts for virtual host 'localhost'
07-Apr-2016 03:55:46.888 INFO [http-apr-8079-exec-16] org.apache.catalina.core.ApplicationContext.log Manager: list: Listing contexts for virtual host 'localhost'
07-Apr-2016 03:55:46.893 INFO [http-apr-8079-exec-18] org.apache.catalina.core.ApplicationContext.log Manager: restart: Reloading web application '/Chat'
07-Apr-2016 03:56:45.796 INFO [http-apr-8079-exec-21] org.apache.catalina.core.ApplicationContext.log Manager: list: Listing contexts for virtual host 'localhost'
07-Apr-2016 03:56:45.802 INFO [http-apr-8079-exec-17] org.apache.catalina.core.ApplicationContext.log Manager: restart: Reloading web application '/Chat'
07-Apr-2016 03:57:00.922 INFO [http-apr-8079-exec-17] org.apache.catalina.core.ApplicationContext.log Manager: list: Listing contexts for virtual host 'localhost'
07-Apr-2016 03:57:00.934 INFO [http-apr-8079-exec-16] org.apache.catalina.core.ApplicationContext.log Manager: restart: Reloading web application '/Chat'
07-Apr-2016 03:59:11.052 INFO [http-apr-8079-exec-16] org.apache.catalina.core.ApplicationContext.log Manager: list: Listing contexts for virtual host 'localhost'
07-Apr-2016 04:01:16.026 INFO [http-apr-8079-exec-22] org.apache.catalina.core.ApplicationContext.log Manager: list: Listing contexts for virtual host 'localhost'
07-Apr-2016 12:33:55.185 INFO [http-apr-8079-exec-10] org.apache.catalina.core.ApplicationContext.log Manager: init: Associated with Deployer 'Catalina:type=Deployer,host=localhost'
07-Apr-2016 12:33:55.185 INFO [http-apr-8079-exec-10] org.apache.catalina.core.ApplicationContext.log Manager: init: Global resources are available
07-Apr-2016 12:33:55.186 INFO [http-apr-8079-exec-10] org.apache.catalina.core.ApplicationContext.log Manager: list: Listing contexts for virtual host 'localhost'
07-Apr-2016 12:33:55.193 INFO [http-apr-8079-exec-1] org.apache.catalina.core.ApplicationContext.log Manager: list: Listing contexts for virtual host 'localhost'
07-Apr-2016 12:33:55.236 INFO [http-apr-8079-exec-3] org.apache.catalina.core.ApplicationContext.log Manager: restart: Reloading web application '/Chat'
07-Apr-2016 12:34:07.724 INFO [http-apr-8079-exec-2] org.apache.catalina.core.ApplicationContext.log Manager: list: Listing contexts for virtual host 'localhost'
07-Apr-2016 12:35:02.553 INFO [http-apr-8079-exec-2] org.apache.catalina.core.ApplicationContext.log Manager: list: Listing contexts for virtual host 'localhost'
07-Apr-2016 12:38:06.732 INFO [http-apr-8079-exec-2] org.apache.catalina.core.ApplicationContext.log Manager: list: Listing contexts for virtual host 'localhost'
07-Apr-2016 12:40:09.397 INFO [http-apr-8079-exec-18] org.apache.catalina.core.ApplicationContext.log Manager: list: Listing contexts for virtual host 'localhost'
07-Apr-2016 12:40:44.881 INFO [http-apr-8079-exec-18] org.apache.catalina.core.ApplicationContext.log Manager: list: Listing contexts for virtual host 'localhost'
07-Apr-2016 12:41:01.624 INFO [http-apr-8079-exec-18] org.apache.catalina.core.ApplicationContext.log Manager: list: Listing contexts for virtual host 'localhost'
07-Apr-2016 12:42:08.041 INFO [http-apr-8079-exec-18] org.apache.catalina.core.ApplicationContext.log Manager: list: Listing contexts for virtual host 'localhost'
07-Apr-2016 12:43:08.168 INFO [http-apr-8079-exec-18] org.apache.catalina.core.ApplicationContext.log Manager: list: Listing contexts for virtual host 'localhost'
07-Apr-2016 12:47:37.140 INFO [http-apr-8079-exec-18] org.apache.catalina.core.ApplicationContext.log Manager: list: Listing contexts for virtual host 'localhost'
07-Apr-2016 12:47:37.145 INFO [http-apr-8079-exec-19] org.apache.catalina.core.ApplicationContext.log Manager: restart: Reloading web application '/Chat'
07-Apr-2016 12:48:23.234 INFO [http-apr-8079-exec-21] org.apache.catalina.core.ApplicationContext.log Manager: list: Listing contexts for virtual host 'localhost'
07-Apr-2016 15:21:45.285 INFO [http-apr-8079-exec-10] org.apache.catalina.core.ApplicationContext.log Manager: init: Associated with Deployer 'Catalina:type=Deployer,host=localhost'
07-Apr-2016 15:21:45.285 INFO [http-apr-8079-exec-10] org.apache.catalina.core.ApplicationContext.log Manager: init: Global resources are available
07-Apr-2016 15:21:45.285 INFO [http-apr-8079-exec-10] org.apache.catalina.core.ApplicationContext.log Manager: list: Listing contexts for virtual host 'localhost'
07-Apr-2016 15:21:45.294 INFO [http-apr-8079-exec-1] org.apache.catalina.core.ApplicationContext.log Manager: list: Listing contexts for virtual host 'localhost'
07-Apr-2016 15:21:45.323 INFO [http-apr-8079-exec-2] org.apache.catalina.core.ApplicationContext.log Manager: restart: Reloading web application '/Chat'
07-Apr-2016 18:00:33.035 INFO [http-apr-8079-exec-10] org.apache.catalina.core.ApplicationContext.log Manager: init: Associated with Deployer 'Catalina:type=Deployer,host=localhost'
07-Apr-2016 18:00:33.035 INFO [http-apr-8079-exec-10] org.apache.catalina.core.ApplicationContext.log Manager: init: Global resources are available
07-Apr-2016 18:00:33.036 INFO [http-apr-8079-exec-10] org.apache.catalina.core.ApplicationContext.log Manager: list: Listing contexts for virtual host 'localhost'
07-Apr-2016 18:00:33.042 INFO [http-apr-8079-exec-1] org.apache.catalina.core.ApplicationContext.log Manager: list: Listing contexts for virtual host 'localhost'
07-Apr-2016 18:00:33.076 INFO [http-apr-8079-exec-3] org.apache.catalina.core.ApplicationContext.log Manager: restart: Reloading web application '/Chat'
07-Apr-2016 18:03:11.344 INFO [http-apr-8079-exec-7] org.apache.catalina.core.ApplicationContext.log Manager: list: Listing contexts for virtual host 'localhost'
07-Apr-2016 18:03:11.350 INFO [http-apr-8079-exec-9] org.apache.catalina.core.ApplicationContext.log Manager: restart: Reloading web application '/Chat'
07-Apr-2016 18:03:44.029 INFO [http-apr-8079-exec-9] org.apache.catalina.core.ApplicationContext.log Manager: list: Listing contexts for virtual host 'localhost'
07-Apr-2016 18:03:44.035 INFO [http-apr-8079-exec-8] org.apache.catalina.core.ApplicationContext.log Manager: restart: Reloading web application '/Chat'
07-Apr-2016 18:04:31.451 INFO [http-apr-8079-exec-8] org.apache.catalina.core.ApplicationContext.log Manager: list: Listing contexts for virtual host 'localhost'
07-Apr-2016 18:04:31.457 INFO [http-apr-8079-exec-7] org.apache.catalina.core.ApplicationContext.log Manager: restart: Reloading web application '/Chat'
07-Apr-2016 18:06:18.170 INFO [http-apr-8079-exec-7] org.apache.catalina.core.ApplicationContext.log Manager: list: Listing contexts for virtual host 'localhost'
07-Apr-2016 18:06:57.005 INFO [http-apr-8079-exec-7] org.apache.catalina.core.ApplicationContext.log Manager: list: Listing contexts for virtual host 'localhost'
07-Apr-2016 18:07:39.184 INFO [http-apr-8079-exec-13] org.apache.catalina.core.ApplicationContext.log Manager: list: Listing contexts for virtual host 'localhost'
07-Apr-2016 18:08:43.036 INFO [http-apr-8079-exec-7] org.apache.catalina.core.ApplicationContext.log Manager: list: Listing contexts for virtual host 'localhost'
07-Apr-2016 18:08:43.041 INFO [http-apr-8079-exec-13] org.apache.catalina.core.ApplicationContext.log Manager: restart: Reloading web application '/Chat'
07-Apr-2016 18:08:46.644 INFO [http-apr-8079-exec-23] org.apache.catalina.core.ApplicationContext.log Manager: list: Listing contexts for virtual host 'localhost'
07-Apr-2016 18:08:46.652 INFO [http-apr-8079-exec-13] org.apache.catalina.core.ApplicationContext.log Manager: restart: Reloading web application '/Chat'
07-Apr-2016 18:11:01.333 INFO [http-apr-8079-exec-13] org.apache.catalina.core.ApplicationContext.log Manager: list: Listing contexts for virtual host 'localhost'
07-Apr-2016 18:11:01.357 INFO [http-apr-8079-exec-20] org.apache.catalina.core.ApplicationContext.log Manager: restart: Reloading web application '/Chat'
07-Apr-2016 18:12:47.016 INFO [http-apr-8079-exec-20] org.apache.catalina.core.ApplicationContext.log Manager: list: Listing contexts for virtual host 'localhost'
07-Apr-2016 18:21:17.883 INFO [http-apr-8079-exec-36] org.apache.catalina.core.ApplicationContext.log Manager: list: Listing contexts for virtual host 'localhost'
07-Apr-2016 18:22:54.106 INFO [http-apr-8079-exec-36] org.apache.catalina.core.ApplicationContext.log Manager: list: Listing contexts for virtual host 'localhost'
07-Apr-2016 18:23:08.875 INFO [http-apr-8079-exec-36] org.apache.catalina.core.ApplicationContext.log Manager: list: Listing contexts for virtual host 'localhost'
07-Apr-2016 18:23:38.700 INFO [http-apr-8079-exec-36] org.apache.catalina.core.ApplicationContext.log Manager: list: Listing contexts for virtual host 'localhost'
07-Apr-2016 18:24:03.950 INFO [http-apr-8079-exec-36] org.apache.catalina.core.ApplicationContext.log Manager: list: Listing contexts for virtual host 'localhost'
07-Apr-2016 18:24:14.631 INFO [http-apr-8079-exec-38] org.apache.catalina.core.ApplicationContext.log Manager: list: Listing contexts for virtual host 'localhost'
07-Apr-2016 18:24:14.633 INFO [http-apr-8079-exec-30] org.apache.catalina.core.ApplicationContext.log Manager: list: Listing contexts for virtual host 'localhost'
07-Apr-2016 18:24:14.654 INFO [http-apr-8079-exec-29] org.apache.catalina.core.ApplicationContext.log Manager: restart: Reloading web application '/Chat'
07-Apr-2016 18:25:24.151 INFO [http-apr-8079-exec-6] org.apache.catalina.core.ApplicationContext.log Manager: init: Associated with Deployer 'Catalina:type=Deployer,host=localhost'
07-Apr-2016 18:25:24.151 INFO [http-apr-8079-exec-6] org.apache.catalina.core.ApplicationContext.log Manager: init: Global resources are available
07-Apr-2016 18:25:24.154 INFO [http-apr-8079-exec-6] org.apache.catalina.core.ApplicationContext.log Manager: restart: Reloading web application '/Chat'
07-Apr-2016 18:25:24.957 INFO [http-apr-8079-exec-2] org.apache.catalina.core.ApplicationContext.log Manager: list: Listing contexts for virtual host 'localhost'
07-Apr-2016 18:25:24.963 INFO [http-apr-8079-exec-5] org.apache.catalina.core.ApplicationContext.log Manager: list: Listing contexts for virtual host 'localhost'
07-Apr-2016 18:25:24.991 INFO [http-apr-8079-exec-7] org.apache.catalina.core.ApplicationContext.log Manager: restart: Reloading web application '/Chat'
07-Apr-2016 18:27:30.552 INFO [http-apr-8079-exec-10] org.apache.catalina.core.ApplicationContext.log Manager: init: Associated with Deployer 'Catalina:type=Deployer,host=localhost'
07-Apr-2016 18:27:30.552 INFO [http-apr-8079-exec-10] org.apache.catalina.core.ApplicationContext.log Manager: init: Global resources are available
07-Apr-2016 18:27:30.552 INFO [http-apr-8079-exec-10] org.apache.catalina.core.ApplicationContext.log Manager: list: Listing contexts for virtual host 'localhost'
07-Apr-2016 18:27:30.562 INFO [http-apr-8079-exec-1] org.apache.catalina.core.ApplicationContext.log Manager: list: Listing contexts for virtual host 'localhost'
07-Apr-2016 18:27:56.893 INFO [http-apr-8079-exec-2] org.apache.catalina.core.ApplicationContext.log Manager: list: Listing contexts for virtual host 'localhost'
07-Apr-2016 18:28:10.414 INFO [http-apr-8079-exec-2] org.apache.catalina.core.ApplicationContext.log Manager: list: Listing contexts for virtual host 'localhost'
07-Apr-2016 18:30:06.533 INFO [http-apr-8079-exec-2] org.apache.catalina.core.ApplicationContext.log Manager: list: Listing contexts for virtual host 'localhost'
07-Apr-2016 18:30:06.551 INFO [http-apr-8079-exec-4] org.apache.catalina.core.ApplicationContext.log Manager: restart: Reloading web application '/Chat'
07-Apr-2016 18:30:12.602 INFO [http-apr-8079-exec-11] org.apache.catalina.core.ApplicationContext.log Manager: list: Listing contexts for virtual host 'localhost'
07-Apr-2016 18:30:16.622 INFO [http-apr-8079-exec-6] org.apache.catalina.core.ApplicationContext.log Manager: list: Listing contexts for virtual host 'localhost'
07-Apr-2016 18:30:16.625 INFO [http-apr-8079-exec-3] org.apache.catalina.core.ApplicationContext.log Manager: list: Listing contexts for virtual host 'localhost'
07-Apr-2016 18:30:16.642 INFO [http-apr-8079-exec-12] org.apache.catalina.core.ApplicationContext.log Manager: restart: Reloading web application '/Chat'
07-Apr-2016 18:30:59.310 INFO [http-apr-8079-exec-8] org.apache.catalina.core.ApplicationContext.log Manager: list: Listing contexts for virtual host 'localhost'
07-Apr-2016 18:31:10.912 INFO [http-apr-8079-exec-8] org.apache.catalina.core.ApplicationContext.log Manager: list: Listing contexts for virtual host 'localhost'
07-Apr-2016 18:31:10.923 INFO [http-apr-8079-exec-3] org.apache.catalina.core.ApplicationContext.log Manager: restart: Reloading web application '/Chat'
07-Apr-2016 18:31:45.569 INFO [http-apr-8079-exec-3] org.apache.catalina.core.ApplicationContext.log Manager: list: Listing contexts for virtual host 'localhost'
07-Apr-2016 18:33:21.768 INFO [http-apr-8079-exec-3] org.apache.catalina.core.ApplicationContext.log Manager: list: Listing contexts for virtual host 'localhost'
07-Apr-2016 18:33:52.231 INFO [http-apr-8079-exec-3] org.apache.catalina.core.ApplicationContext.log Manager: list: Listing contexts for virtual host 'localhost'
07-Apr-2016 18:33:57.956 INFO [http-apr-8079-exec-3] org.apache.catalina.core.ApplicationContext.log Manager: list: Listing contexts for virtual host 'localhost'
07-Apr-2016 18:34:07.275 INFO [http-apr-8079-exec-3] org.apache.catalina.core.ApplicationContext.log Manager: list: Listing contexts for virtual host 'localhost'
07-Apr-2016 18:34:34.843 INFO [http-apr-8079-exec-3] org.apache.catalina.core.ApplicationContext.log Manager: list: Listing contexts for virtual host 'localhost'
07-Apr-2016 18:36:01.946 INFO [http-apr-8079-exec-24] org.apache.catalina.core.ApplicationContext.log Manager: list: Listing contexts for virtual host 'localhost'
07-Apr-2016 18:37:36.067 INFO [http-apr-8079-exec-24] org.apache.catalina.core.ApplicationContext.log Manager: list: Listing contexts for virtual host 'localhost'
07-Apr-2016 18:37:55.074 INFO [http-apr-8079-exec-24] org.apache.catalina.core.ApplicationContext.log Manager: list: Listing contexts for virtual host 'localhost'
07-Apr-2016 18:38:41.860 INFO [http-apr-8079-exec-23] org.apache.catalina.core.ApplicationContext.log Manager: list: Listing contexts for virtual host 'localhost'
